# JRE version: OpenJDK Runtime Environment (19.0.1+10) (build 19.0.1+10-21)
# Java VM: OpenJDK 64-Bit Server VM (19.0.1+10-21, mixed mode, sharing, tiered, compressed oops, compressed class ptrs, g1 gc, bsd-aarch64)
Heap:
 garbage-first heap   total 82944K, used 46317K [0x0000000780000000, 0x0000000800000000)
  region size 1024K, 7 young (7168K), 1 survivors (1024K)
 Metaspace       used 26418K, committed 26880K, reserved 1114112K
  class space    used 3495K, committed 3712K, reserved 1048576K
GC Heap History (14 events):
Event: 1.869 GC heap before
{Heap before GC invocations=0 (full 0):
 garbage-first heap   total 133120K, used 23520K [0x0000000780000000, 0x0000000800000000)
  region size 1024K, 23 young (23552K), 0 survivors (0K)
 Metaspace       used 4706K, committed 4928K, reserved 1114112K
  class space    used 473K, committed 576K, reserved 1048576K
}
Event: 1.872 GC heap after
{Heap after GC invocations=1 (full 0):
 garbage-first heap   total 133120K, used 4470K [0x0000000780000000, 0x0000000800000000)
  region size 1024K, 3 young (3072K), 3 survivors (3072K)
 Metaspace       used 4706K, committed 4928K, reserved 1114112K
  class space    used 473K, committed 576K, reserved 1048576K
}
Event: 2.765 GC heap before
{Heap before GC invocations=1 (full 0):
 garbage-first heap   total 133120K, used 45430K [0x0000000780000000, 0x0000000800000000)
  region size 1024K, 44 young (45056K), 3 survivors (3072K)
 Metaspace       used 18939K, committed 19328K, reserved 1114112K
  class space    used 2441K, committed 2624K, reserved 1048576K
}
Event: 2.772 GC heap after
{Heap after GC invocations=2 (full 0):
 garbage-first heap   total 133120K, used 12206K [0x0000000780000000, 0x0000000800000000)
  region size 1024K, 6 young (6144K), 6 survivors (6144K)
 Metaspace       used 18939K, committed 19328K, reserved 1114112K
  class space    used 2441K, committed 2624K, reserved 1048576K
}
Event: 3.003 GC heap before
{Heap before GC invocations=2 (full 0):
 garbage-first heap   total 133120K, used 26542K [0x0000000780000000, 0x0000000800000000)
  region size 1024K, 16 young (16384K), 6 survivors (6144K)
 Metaspace       used 21102K, committed 21504K, reserved 1114112K
  class space    used 2899K, committed 3072K, reserved 1048576K
}
Event: 3.008 GC heap after
{Heap after GC invocations=3 (full 0):
 garbage-first heap   total 133120K, used 19718K [0x0000000780000000, 0x0000000800000000)
  region size 1024K, 6 young (6144K), 6 survivors (6144K)
 Metaspace       used 21102K, committed 21504K, reserved 1114112K
  class space    used 2899K, committed 3072K, reserved 1048576K
}
Event: 11.375 GC heap before
{Heap before GC invocations=4 (full 0):
 garbage-first heap   total 78848K, used 70918K [0x0000000780000000, 0x0000000800000000)
  region size 1024K, 46 young (47104K), 6 survivors (6144K)
 Metaspace       used 25804K, committed 26240K, reserved 1114112K
  class space    used 3493K, committed 3712K, reserved 1048576K
}
Event: 11.379 GC heap after
{Heap after GC invocations=5 (full 0):
 garbage-first heap   total 82944K, used 32137K [0x0000000780000000, 0x0000000800000000)
  region size 1024K, 4 young (4096K), 4 survivors (4096K)
 Metaspace       used 25804K, committed 26240K, reserved 1114112K
  class space    used 3493K, committed 3712K, reserved 1048576K
}
Event: 11.381 GC heap before
{Heap before GC invocations=5 (full 0):
 garbage-first heap   total 82944K, used 33161K [0x0000000780000000, 0x0000000800000000)
  region size 1024K, 5 young (5120K), 4 survivors (4096K)
 Metaspace       used 25815K, committed 26240K, reserved 1114112K
  class space    used 3493K, committed 3712K, reserved 1048576K
}
Event: 11.382 GC heap after
{Heap after GC invocations=6 (full 0):
 garbage-first heap   total 82944K, used 32367K [0x0000000780000000, 0x0000000800000000)
  region size 1024K, 1 young (1024K), 1 survivors (1024K)
 Metaspace       used 25815K, committed 26240K, reserved 1114112K
  class space    used 3493K, committed 3712K, reserved 1048576K
}
Event: 18.146 GC heap before
{Heap before GC invocations=6 (full 0):
 garbage-first heap   total 82944K, used 51823K [0x0000000780000000, 0x0000000800000000)
  region size 1024K, 22 young (22528K), 1 survivors (1024K)
 Metaspace       used 26285K, committed 26752K, reserved 1114112K
  class space    used 3495K, committed 3712K, reserved 1048576K
}
Event: 18.147 GC heap after
{Heap after GC invocations=7 (full 0):
 garbage-first heap   total 82944K, used 32352K [0x0000000780000000, 0x0000000800000000)
  region size 1024K, 1 young (1024K), 1 survivors (1024K)
 Metaspace       used 26285K, committed 26752K, reserved 1114112K
  class space    used 3495K, committed 3712K, reserved 1048576K
}
Event: 18.163 GC heap before
{Heap before GC invocations=7 (full 0):
 garbage-first heap   total 82944K, used 36448K [0x0000000780000000, 0x0000000800000000)
  region size 1024K, 2 young (2048K), 1 survivors (1024K)
 Metaspace       used 26290K, committed 26752K, reserved 1114112K
  class space    used 3495K, committed 3712K, reserved 1048576K
}
Event: 18.163 GC heap after
{Heap after GC invocations=8 (full 0):
 garbage-first heap   total 82944K, used 36430K [0x0000000780000000, 0x0000000800000000)
  region size 1024K, 1 young (1024K), 1 survivors (1024K)
 Metaspace       used 26290K, committed 26752K, reserved 1114112K
  class space    used 3495K, committed 3712K, reserved 1048576K
}

